C:\Program Files\Microsoft Visual Studio\2022\Community\MSBuild\Microsoft\VC\v170\Microsoft.CppBuild.targets(517,5): warning MSB8004: Output Directory does not end with a trailing slash.  This build instance will add the slash as it is required to allow proper evaluation of the Output Directory.
  Bird.cpp
C:\Users\ernes\Desktop\Projects\C++\start\Stage1\Stage1\Bird.cpp(47,23): warning C4244: 'initializing': conversion from '_Rep' to 'float', possible loss of data
          with
          [
              _Rep=__int64
          ]
  gameobject.cpp
  gamestate.cpp
C:\Users\ernes\Desktop\Projects\C++\start\Stage1\Stage1\gamestate.cpp(294,81): warning C4244: 'return': conversion from '_Rep' to 'int', possible loss of data
          with
          [
              _Rep=__int64
          ]
C:\Users\ernes\Desktop\Projects\C++\start\Stage1\Stage1\gamestate.cpp(501,5): warning C4305: '=': truncation from 'double' to 'float'
C:\Users\ernes\Desktop\Projects\C++\start\Stage1\Stage1\gamestate.cpp(504,19): warning C4244: 'initializing': conversion from 'double' to 'float', possible loss of data
C:\Users\ernes\Desktop\Projects\C++\start\Stage1\Stage1\gamestate.cpp(580,18): warning C4244: 'initializing': conversion from 'double' to 'float', possible loss of data
C:\Users\ernes\Desktop\Projects\C++\start\Stage1\Stage1\gamestate.cpp(641,18): warning C4244: 'initializing': conversion from 'double' to 'float', possible loss of data
C:\Users\ernes\Desktop\Projects\C++\start\Stage1\Stage1\gamestate.cpp(654,30): warning C4244: 'argument': conversion from 'double' to 'float', possible loss of data
  health.cpp
  Jet.cpp
  level.cpp
C:\Users\ernes\Desktop\Projects\C++\start\Stage1\Stage1\level.cpp(53,33): warning C4244: 'argument': conversion from 'double' to 'float', possible loss of data
C:\Users\ernes\Desktop\Projects\C++\start\Stage1\Stage1\level.cpp(53,15): warning C4244: 'argument': conversion from 'double' to 'float', possible loss of data
  main.cpp
  player.cpp
C:\Users\ernes\Desktop\Projects\C++\start\Stage1\Stage1\player.cpp(71,23): warning C4244: 'initializing': conversion from '_Rep' to 'float', possible loss of data
          with
          [
              _Rep=__int64
          ]
C:\Users\ernes\Desktop\Projects\C++\start\Stage1\Stage1\player.cpp(92,5): warning C4305: '=': truncation from 'double' to 'float'
C:\Users\ernes\Desktop\Projects\C++\start\Stage1\Stage1\player.cpp(95,16): warning C4244: 'initializing': conversion from 'double' to 'float', possible loss of data
C:\Users\ernes\Desktop\Projects\C++\start\Stage1\Stage1\player.cpp(98,24): warning C4244: 'initializing': conversion from 'double' to 'float', possible loss of data
C:\Users\ernes\Desktop\Projects\C++\start\Stage1\Stage1\player.cpp(103,25): warning C4244: 'initializing': conversion from 'double' to 'float', possible loss of data
C:\Users\ernes\Desktop\Projects\C++\start\Stage1\Stage1\player.cpp(108,31): warning C4244: '=': conversion from 'double' to 'float', possible loss of data
C:\Users\ernes\Desktop\Projects\C++\start\Stage1\Stage1\player.cpp(112,25): warning C4244: '=': conversion from 'double' to 'float', possible loss of data
C:\Users\ernes\Desktop\Projects\C++\start\Stage1\Stage1\player.cpp(116,60): warning C4244: 'argument': conversion from 'double' to 'float', possible loss of data
  rocket.cpp
  xp.cpp
C:\Users\ernes\Desktop\Projects\C++\start\Stage1\Stage1\xp.cpp(50,23): warning C4244: 'initializing': conversion from '_Rep' to 'float', possible loss of data
          with
          [
              _Rep=__int64
          ]
  zoh.cpp
  Generating Code...
  LINK : C:\Users\ernes\Desktop\Projects\C++\start\Stage1\bin\Stage1.exe not found or not built by the last incremental link; performing full link
sggd.lib(graphics.obj) : warning LNK4099: PDB '' was not found with 'sggd.lib(graphics.obj)' or at ''; linking object as if no debug info
sggd.lib(GLbackend.obj) : warning LNK4099: PDB '' was not found with 'sggd.lib(GLbackend.obj)' or at ''; linking object as if no debug info
sggd.lib(shader.obj) : warning LNK4099: PDB '' was not found with 'sggd.lib(shader.obj)' or at ''; linking object as if no debug info
sggd.lib(fonts.obj) : warning LNK4099: PDB '' was not found with 'sggd.lib(fonts.obj)' or at ''; linking object as if no debug info
sggd.lib(texture.obj) : warning LNK4099: PDB '' was not found with 'sggd.lib(texture.obj)' or at ''; linking object as if no debug info
sggd.lib(AudioManager.obj) : warning LNK4099: PDB '' was not found with 'sggd.lib(AudioManager.obj)' or at ''; linking object as if no debug info
sggd.lib(lodepng.obj) : warning LNK4099: PDB '' was not found with 'sggd.lib(lodepng.obj)' or at ''; linking object as if no debug info
  Stage1.vcxproj -> C:\Users\ernes\Desktop\Projects\C++\start\Stage1\bin\Stage1.exe
